# JRE version: Java(TM) SE Runtime Environment (8.0_31-b13) (build 1.8.0_31-b13)
# Java VM: Java HotSpot(TM) 64-Bit Server VM (25.31-b07 mixed mode bsd-amd64 compressed oops)
Heap:
 PSYoungGen      total 24064K, used 10855K [0x000000014cf80000, 0x000000014ea00000, 0x0000000167a00000)
  eden space 20992K, 39% used [0x000000014cf80000,0x000000014d7ad300,0x000000014e400000)
  from space 3072K, 80% used [0x000000014e700000,0x000000014e96c910,0x000000014ea00000)
  to   space 3072K, 0% used [0x000000014e400000,0x000000014e400000,0x000000014e700000)
 ParOldGen       total 54784K, used 407K [0x0000000117a00000, 0x000000011af80000, 0x000000014cf80000)
  object space 54784K, 0% used [0x0000000117a00000,0x0000000117a65ed8,0x000000011af80000)
 Metaspace       used 8327K, capacity 8409K, committed 8576K, reserved 1056768K
  class space    used 840K, capacity 887K, committed 896K, reserved 1048576K
GC Heap History (4 events):
Event: 41.944 GC heap before
{Heap before GC invocations=1 (full 0):
 PSYoungGen      total 24064K, used 20992K [0x000000014cf80000, 0x000000014ea00000, 0x0000000167a00000)
  eden space 20992K, 100% used [0x000000014cf80000,0x000000014e400000,0x000000014e400000)
  from space 3072K, 0% used [0x000000014e700000,0x000000014e700000,0x000000014ea00000)
  to   space 3072K, 0% used [0x000000014e400000,0x000000014e400000,0x000000014e700000)
 ParOldGen       total 54784K, used 0K [0x0000000117a00000, 0x000000011af80000, 0x000000014cf80000)
  object space 54784K, 0% used [0x0000000117a00000,0x0000000117a00000,0x000000011af80000)
 Metaspace       used 8299K, capacity 8409K, committed 8576K, reserved 1056768K
  class space    used 839K, capacity 887K, committed 896K, reserved 1048576K
Event: 41.956 GC heap after
Heap after GC invocations=1 (full 0):
 PSYoungGen      total 24064K, used 3044K [0x000000014cf80000, 0x000000014ea00000, 0x0000000167a00000)
  eden space 20992K, 0% used [0x000000014cf80000,0x000000014cf80000,0x000000014e400000)
  from space 3072K, 99% used [0x000000014e400000,0x000000014e6f9308,0x000000014e700000)
  to   space 3072K, 0% used [0x000000014e700000,0x000000014e700000,0x000000014ea00000)
 ParOldGen       total 54784K, used 399K [0x0000000117a00000, 0x000000011af80000, 0x000000014cf80000)
  object space 54784K, 0% used [0x0000000117a00000,0x0000000117a63ed8,0x000000011af80000)
 Metaspace       used 8299K, capacity 8409K, committed 8576K, reserved 1056768K
  class space    used 839K, capacity 887K, committed 896K, reserved 1048576K
}
Event: 176.613 GC heap before
{Heap before GC invocations=2 (full 0):
 PSYoungGen      total 24064K, used 24036K [0x000000014cf80000, 0x000000014ea00000, 0x0000000167a00000)
  eden space 20992K, 100% used [0x000000014cf80000,0x000000014e400000,0x000000014e400000)
  from space 3072K, 99% used [0x000000014e400000,0x000000014e6f9308,0x000000014e700000)
  to   space 3072K, 0% used [0x000000014e700000,0x000000014e700000,0x000000014ea00000)
 ParOldGen       total 54784K, used 399K [0x0000000117a00000, 0x000000011af80000, 0x000000014cf80000)
  object space 54784K, 0% used [0x0000000117a00000,0x0000000117a63ed8,0x000000011af80000)
 Metaspace       used 8321K, capacity 8409K, committed 8576K, reserved 1056768K
  class space    used 839K, capacity 887K, committed 896K, reserved 1048576K
Event: 176.624 GC heap after
Heap after GC invocations=2 (full 0):
 PSYoungGen      total 24064K, used 2482K [0x000000014cf80000, 0x000000014ea00000, 0x0000000167a00000)
  eden space 20992K, 0% used [0x000000014cf80000,0x000000014cf80000,0x000000014e400000)
  from space 3072K, 80% used [0x000000014e700000,0x000000014e96c910,0x000000014ea00000)
  to   space 3072K, 0% used [0x000000014e400000,0x000000014e400000,0x000000014e700000)
 ParOldGen       total 54784K, used 407K [0x0000000117a00000, 0x000000011af80000, 0x000000014cf80000)
  object space 54784K, 0% used [0x0000000117a00000,0x0000000117a65ed8,0x000000011af80000)
 Metaspace       used 8321K, capacity 8409K, committed 8576K, reserved 1056768K
  class space    used 839K, capacity 887K, committed 896K, reserved 1048576K
}

